
INFO     Validating project: JavaProductCatalogueServiceComponents
INFO     Finished validating project: JavaProductCatalogueServiceComponents

INFO     Validating project: WebProductCatalogueServiceComponents
INFO     Finished validating project: WebProductCatalogueServiceComponents

Migration complete

INFO     Validating project: CR1Authorization
INFO     Finished validating project: CR1Authorization

INFO     Validating project: EJBEntitlementAuthorization
INFO     Finished validating project: EJBEntitlementAuthorization

INFO     Validating project: EntitlementAuthorization
INFO     Finished validating project: EntitlementAuthorization

Migration complete

INFO     Validating project: CR1Authorization
INFO     Finished validating project: CR1Authorization

INFO     Validating project: EJBEntitlementAuthorization
INFO     Finished validating project: EJBEntitlementAuthorization

INFO     Validating project: EntitlementAuthorization
INFO     Finished validating project: EntitlementAuthorization

INFO     Validating project: JavaProductCatalogueServiceComponents
INFO     Finished validating project: JavaProductCatalogueServiceComponents

INFO     Validating project: WebProductCatalogueServiceComponents
INFO     Finished validating project: WebProductCatalogueServiceComponents

Migration complete

INFO     Validating project: CR1Authorization
INFO     Finished validating project: CR1Authorization

INFO     Validating project: EJBEntitlementAuthorization
INFO     Finished validating project: EJBEntitlementAuthorization

INFO     Validating project: EntitlementAuthorization
INFO     Finished validating project: EntitlementAuthorization

INFO     Validating project: JavaProductCatalogueServiceComponents
INFO     Finished validating project: JavaProductCatalogueServiceComponents

INFO     Validating project: WebProductCatalogueServiceComponents
INFO     Finished validating project: WebProductCatalogueServiceComponents

Migration complete

INFO     Validating project: CR1Authorization
INFO     Finished validating project: CR1Authorization

INFO     Validating project: EJBEntitlementAuthorization
INFO     Finished validating project: EJBEntitlementAuthorization

INFO     Validating project: EntitlementAuthorization
INFO     Finished validating project: EntitlementAuthorization

INFO     Validating project: JavaProductCatalogueServiceComponents
INFO     Finished validating project: JavaProductCatalogueServiceComponents

INFO     Validating project: WebProductCatalogueServiceComponents
INFO     Finished validating project: WebProductCatalogueServiceComponents

Migration complete

INFO     Validating project: SysRelationshipManagement
INFO     Finished validating project: SysRelationshipManagement

INFO     Validating project: WebRelationshipManagement
INFO     Finished validating project: WebRelationshipManagement

Migration complete
